

Microchip MPLAB XC8 Assembler V2.05 build -831301201 
                                                                                               Sun Jul 28 18:56:35 2019

Microchip MPLAB XC8 C Compiler v2.05 (Free license) build 20181220022703 Og1 
     1                           	processor	18F26K20
     2                           	fnconf	rparam,??,?,0
     3                           	opt	pw 120
     4                           	opt	flic
     5                           	psect	cinit,global,reloc=2,class=CODE,delta=1
     6                           	psect	cstackCOMRAM,global,class=COMRAM,space=1,delta=1,noexec
     7                           	psect	text0,global,reloc=2,class=CODE,delta=1
     8                           	psect	text1,global,reloc=2,class=CODE,delta=1
     9                           	psect	text2,global,reloc=2,class=CODE,delta=1
    10                           	psect	text3,global,reloc=2,class=CODE,delta=1
    11                           	psect	intsave_regs,global,class=BIGRAM,space=1,delta=1,noexec
    12                           	psect	rparam,global,class=COMRAM,space=1,delta=1,noexec
    13  0000                     
    14                           ; Version 2.05
    15                           ; Generated 20/12/2018 GMT
    16                           ; 
    17                           ; Copyright © 2018, Microchip Technology Inc. and its subsidiaries ("Microchip")
    18                           ; All rights reserved.
    19                           ; 
    20                           ; This software is developed by Microchip Technology Inc. and its subsidiaries ("Microch
      +                          ip").
    21                           ; 
    22                           ; Redistribution and use in source and binary forms, with or without modification, are
    23                           ; permitted provided that the following conditions are met:
    24                           ; 
    25                           ;     1. Redistributions of source code must retain the above copyright notice, this lis
      +                          t of
    26                           ;        conditions and the following disclaimer.
    27                           ; 
    28                           ;     2. Redistributions in binary form must reproduce the above copyright notice, this 
      +                          list
    29                           ;        of conditions and the following disclaimer in the documentation and/or other
    30                           ;        materials provided with the distribution.
    31                           ; 
    32                           ;     3. Microchip's name may not be used to endorse or promote products derived from th
      +                          is
    33                           ;        software without specific prior written permission.
    34                           ; 
    35                           ; THIS SOFTWARE IS PROVIDED BY MICROCHIP "AS IS" AND ANY EXPRESS OR IMPLIED WARRANTIES,
    36                           ; INCLUDING, BUT NOT LIMITED TO, THE IMPLIED WARRANTIES OF MERCHANTABILITY AND FITNESS F
      +                          OR
    37                           ; PURPOSE ARE DISCLAIMED.  IN NO EVENT SHALL MICROCHIP BE LIABLE FOR ANY DIRECT, INDIREC
      +                          T,
    38                           ; INCIDENTAL, SPECIAL, EXEMPLARY, OR CONSEQUENTIAL DAMAGES (INCLUDING BUT NOT LIMITED TO
    39                           ; PROCUREMENT OF SUBSTITUTE GOODS OR SERVICES; LOSS OF USE, DATA OR PROFITS; OR BUSINESS
    40                           ; INTERRUPTION) HOWSOEVER CAUSED AND ON ANY THEORY OF LIABILITY, WHETHER IN CONTRACT, ST
      +                          RICT
    41                           ; LIABILITY, OR TORT (INCLUDING NEGLIGENCE OR OTHERWISE) ARISING IN ANY WAY OUT OF THE U
      +                          SE OF
    42                           ; THIS SOFTWARE, EVEN IF ADVISED OF THE POSSIBILITY OF SUCH DAMAGE.
    43                           ; 
    44                           ; 
    45                           ; Code-generator required, PIC18F26K20 Definitions
    46                           ; 
    47                           ; SFR Addresses
    48  0000                     _LATAbits	set	3977
    49  0000                     _INTCONbits	set	4082
    50  0000                     _INTCON2bits	set	4081
    51  0000                     _WPUB	set	3964
    52  0000                     _ANSELH	set	3967
    53  0000                     _ANSEL	set	3966
    54  0000                     _TRISC	set	3988
    55  0000                     _TRISB	set	3987
    56  0000                     _TRISA	set	3986
    57  0000                     _LATC	set	3979
    58  0000                     _LATB	set	3978
    59  0000                     _LATA	set	3977
    60  0000                     _OSCTUNE	set	3995
    61  0000                     _OSCCON	set	4051
    62                           
    63                           ; #config settings
    64  0000                     
    65                           	psect	cinit
    66  00FF8A                     __pcinit:
    67                           	opt callstack 0
    68  00FF8A                     start_initialization:
    69                           	opt callstack 0
    70  00FF8A                     __initialization:
    71                           	opt callstack 0
    72  00FF8A                     end_of_initialization:
    73                           	opt callstack 0
    74  00FF8A                     __end_of__initialization:
    75                           	opt callstack 0
    76  00FF8A  0100               	movlb	0
    77  00FF8C  EFE4  F07F         	goto	_main	;jump to C main() function
    78                           
    79                           	psect	cstackCOMRAM
    80  000001                     __pcstackCOMRAM:
    81                           	opt callstack 0
    82  000001                     ??_main:
    83                           
    84                           ; 1 bytes @ 0x0
    85  000001                     	ds	2
    86                           
    87 ;;
    88 ;;Main: autosize = 0, tempsize = 2, incstack = 0, save=0
    89 ;;
    90 ;; *************** function _main *****************
    91 ;; Defined at:
    92 ;;		line 49 in file "main.c"
    93 ;; Parameters:    Size  Location     Type
    94 ;;		None
    95 ;; Auto vars:     Size  Location     Type
    96 ;;		None
    97 ;; Return value:  Size  Location     Type
    98 ;;                  1    wreg      void 
    99 ;; Registers used:
   100 ;;		wreg, status,2, status,0, cstack
   101 ;; Tracked objects:
   102 ;;		On entry : 0/0
   103 ;;		On exit  : 0/0
   104 ;;		Unchanged: 0/0
   105 ;; Data sizes:     COMRAM   BANK0   BANK1   BANK2   BANK3   BANK4   BANK5   BANK6   BANK7   BANK8   BANK9  BANK10  BANK1
      +1  BANK12  BANK13  BANK14  BANK15
   106 ;;      Params:         0       0       0       0       0       0       0       0       0       0       0       0       
      +0       0       0       0       0
   107 ;;      Locals:         0       0       0       0       0       0       0       0       0       0       0       0       
      +0       0       0       0       0
   108 ;;      Temps:          2       0       0       0       0       0       0       0       0       0       0       0       
      +0       0       0       0       0
   109 ;;      Totals:         2       0       0       0       0       0       0       0       0       0       0       0       
      +0       0       0       0       0
   110 ;;Total ram usage:        2 bytes
   111 ;; Hardware stack levels required when called:    2
   112 ;; This function calls:
   113 ;;		_SYSTEM_Initialize
   114 ;; This function is called by:
   115 ;;		Startup code after reset
   116 ;; This function uses a non-reentrant model
   117 ;;
   118                           
   119                           	psect	text0
   120  00FFC8                     __ptext0:
   121                           	opt callstack 0
   122  00FFC8                     _main:
   123                           	opt callstack 29
   124                           
   125                           ;main.c: 52:     SYSTEM_Initialize();
   126                           
   127                           ;incstack = 0
   128  00FFC8  ECCD  F07F         	call	_SYSTEM_Initialize	;wreg free
   129  00FFCC                     l750:
   130  00FFCC  A089               	btfss	3977,0,c	;volatile
   131  00FFCE  D002               	goto	u10
   132  00FFD0  0E01               	movlw	1
   133  00FFD2  D001               	goto	u16
   134  00FFD4                     u10:
   135  00FFD4  0E00               	movlw	0
   136  00FFD6                     u16:
   137  00FFD6  0AFF               	xorlw	255
   138  00FFD8  6E01               	movwf	??_main& (0+255),c
   139  00FFDA  5089               	movf	3977,w,c	;volatile
   140  00FFDC  1801               	xorwf	??_main,w,c
   141  00FFDE  0BFE               	andlw	-2
   142  00FFE0  1801               	xorwf	??_main,w,c
   143  00FFE2  6E89               	movwf	3977,c	;volatile
   144                           
   145                           ;main.c: 75:         _delay((unsigned long)((1000)*(64000000/4000.0)));
   146  00FFE4  0E52               	movlw	82
   147  00FFE6  6E02               	movwf	(??_main+1)& (0+255),c
   148  00FFE8  0E2B               	movlw	43
   149  00FFEA  6E01               	movwf	??_main& (0+255),c
   150  00FFEC  0E00               	movlw	0
   151  00FFEE                     u27:
   152  00FFEE  2EE8               	decfsz	wreg,f,c
   153  00FFF0  D7FE               	bra	u27
   154  00FFF2  2E01               	decfsz	??_main& (0+255),f,c
   155  00FFF4  D7FC               	bra	u27
   156  00FFF6  2E02               	decfsz	(??_main+1)& (0+255),f,c
   157  00FFF8  D7FA               	bra	u27
   158  00FFFA  F000 F000          	nop2	
   159  00FFFE  D7E6               	goto	l750
   160  010000                     __end_of_main:
   161                           	opt callstack 0
   162                           
   163 ;; *************** function _SYSTEM_Initialize *****************
   164 ;; Defined at:
   165 ;;		line 50 in file "mcc_generated_files/mcc.c"
   166 ;; Parameters:    Size  Location     Type
   167 ;;		None
   168 ;; Auto vars:     Size  Location     Type
   169 ;;		None
   170 ;; Return value:  Size  Location     Type
   171 ;;                  1    wreg      void 
   172 ;; Registers used:
   173 ;;		wreg, status,2, cstack
   174 ;; Tracked objects:
   175 ;;		On entry : 0/0
   176 ;;		On exit  : 0/0
   177 ;;		Unchanged: 0/0
   178 ;; Data sizes:     COMRAM   BANK0   BANK1   BANK2   BANK3   BANK4   BANK5   BANK6   BANK7   BANK8   BANK9  BANK10  BANK1
      +1  BANK12  BANK13  BANK14  BANK15
   179 ;;      Params:         0       0       0       0       0       0       0       0       0       0       0       0       
      +0       0       0       0       0
   180 ;;      Locals:         0       0       0       0       0       0       0       0       0       0       0       0       
      +0       0       0       0       0
   181 ;;      Temps:          0       0       0       0       0       0       0       0       0       0       0       0       
      +0       0       0       0       0
   182 ;;      Totals:         0       0       0       0       0       0       0       0       0       0       0       0       
      +0       0       0       0       0
   183 ;;Total ram usage:        0 bytes
   184 ;; Hardware stack levels used:    1
   185 ;; Hardware stack levels required when called:    1
   186 ;; This function calls:
   187 ;;		_OSCILLATOR_Initialize
   188 ;;		_PIN_MANAGER_Initialize
   189 ;; This function is called by:
   190 ;;		_main
   191 ;; This function uses a non-reentrant model
   192 ;;
   193                           
   194                           	psect	text1
   195  00FF9A                     __ptext1:
   196                           	opt callstack 0
   197  00FF9A                     _SYSTEM_Initialize:
   198                           	opt callstack 29
   199                           
   200                           ;mcc_generated_files/mcc.c: 53:     PIN_MANAGER_Initialize();
   201                           
   202                           ;incstack = 0
   203  00FF9A  ECD2  F07F         	call	_PIN_MANAGER_Initialize	;wreg free
   204                           
   205                           ;mcc_generated_files/mcc.c: 54:     OSCILLATOR_Initialize();
   206  00FF9E  ECC8  F07F         	call	_OSCILLATOR_Initialize	;wreg free
   207  00FFA2  0012               	return		;funcret
   208  00FFA4                     __end_of_SYSTEM_Initialize:
   209                           	opt callstack 0
   210                           
   211 ;; *************** function _PIN_MANAGER_Initialize *****************
   212 ;; Defined at:
   213 ;;		line 55 in file "mcc_generated_files/pin_manager.c"
   214 ;; Parameters:    Size  Location     Type
   215 ;;		None
   216 ;; Auto vars:     Size  Location     Type
   217 ;;		None
   218 ;; Return value:  Size  Location     Type
   219 ;;                  1    wreg      void 
   220 ;; Registers used:
   221 ;;		wreg, status,2
   222 ;; Tracked objects:
   223 ;;		On entry : 0/0
   224 ;;		On exit  : 0/0
   225 ;;		Unchanged: 0/0
   226 ;; Data sizes:     COMRAM   BANK0   BANK1   BANK2   BANK3   BANK4   BANK5   BANK6   BANK7   BANK8   BANK9  BANK10  BANK1
      +1  BANK12  BANK13  BANK14  BANK15
   227 ;;      Params:         0       0       0       0       0       0       0       0       0       0       0       0       
      +0       0       0       0       0
   228 ;;      Locals:         0       0       0       0       0       0       0       0       0       0       0       0       
      +0       0       0       0       0
   229 ;;      Temps:          0       0       0       0       0       0       0       0       0       0       0       0       
      +0       0       0       0       0
   230 ;;      Totals:         0       0       0       0       0       0       0       0       0       0       0       0       
      +0       0       0       0       0
   231 ;;Total ram usage:        0 bytes
   232 ;; Hardware stack levels used:    1
   233 ;; This function calls:
   234 ;;		Nothing
   235 ;; This function is called by:
   236 ;;		_SYSTEM_Initialize
   237 ;; This function uses a non-reentrant model
   238 ;;
   239                           
   240                           	psect	text2
   241  00FFA4                     __ptext2:
   242                           	opt callstack 0
   243  00FFA4                     _PIN_MANAGER_Initialize:
   244                           	opt callstack 29
   245                           
   246                           ;mcc_generated_files/pin_manager.c: 60:     LATA = 0x00;
   247                           
   248                           ;incstack = 0
   249  00FFA4  0E00               	movlw	0
   250  00FFA6  6E89               	movwf	3977,c	;volatile
   251                           
   252                           ;mcc_generated_files/pin_manager.c: 61:     LATB = 0x00;
   253  00FFA8  0E00               	movlw	0
   254  00FFAA  6E8A               	movwf	3978,c	;volatile
   255                           
   256                           ;mcc_generated_files/pin_manager.c: 62:     LATC = 0x00;
   257  00FFAC  0E00               	movlw	0
   258  00FFAE  6E8B               	movwf	3979,c	;volatile
   259                           
   260                           ;mcc_generated_files/pin_manager.c: 67:     TRISA = 0xFE;
   261  00FFB0  0EFE               	movlw	254
   262  00FFB2  6E92               	movwf	3986,c	;volatile
   263                           
   264                           ;mcc_generated_files/pin_manager.c: 68:     TRISB = 0xFF;
   265  00FFB4  6893               	setf	3987,c	;volatile
   266                           
   267                           ;mcc_generated_files/pin_manager.c: 69:     TRISC = 0xFF;
   268  00FFB6  6894               	setf	3988,c	;volatile
   269                           
   270                           ;mcc_generated_files/pin_manager.c: 74:     ANSEL = 0x1E;
   271  00FFB8  0E1E               	movlw	30
   272  00FFBA  6E7E               	movwf	3966,c	;volatile
   273                           
   274                           ;mcc_generated_files/pin_manager.c: 75:     ANSELH = 0x1F;
   275  00FFBC  0E1F               	movlw	31
   276  00FFBE  6E7F               	movwf	3967,c	;volatile
   277                           
   278                           ;mcc_generated_files/pin_manager.c: 80:     WPUB = 0x00;
   279  00FFC0  0E00               	movlw	0
   280  00FFC2  6E7C               	movwf	3964,c	;volatile
   281                           
   282                           ;mcc_generated_files/pin_manager.c: 81:     INTCON2bits.nRBPU = 1;
   283  00FFC4  8EF1               	bsf	4081,7,c	;volatile
   284  00FFC6  0012               	return		;funcret
   285  00FFC8                     __end_of_PIN_MANAGER_Initialize:
   286                           	opt callstack 0
   287                           
   288 ;; *************** function _OSCILLATOR_Initialize *****************
   289 ;; Defined at:
   290 ;;		line 57 in file "mcc_generated_files/mcc.c"
   291 ;; Parameters:    Size  Location     Type
   292 ;;		None
   293 ;; Auto vars:     Size  Location     Type
   294 ;;		None
   295 ;; Return value:  Size  Location     Type
   296 ;;                  1    wreg      void 
   297 ;; Registers used:
   298 ;;		wreg, status,2
   299 ;; Tracked objects:
   300 ;;		On entry : 0/0
   301 ;;		On exit  : 0/0
   302 ;;		Unchanged: 0/0
   303 ;; Data sizes:     COMRAM   BANK0   BANK1   BANK2   BANK3   BANK4   BANK5   BANK6   BANK7   BANK8   BANK9  BANK10  BANK1
      +1  BANK12  BANK13  BANK14  BANK15
   304 ;;      Params:         0       0       0       0       0       0       0       0       0       0       0       0       
      +0       0       0       0       0
   305 ;;      Locals:         0       0       0       0       0       0       0       0       0       0       0       0       
      +0       0       0       0       0
   306 ;;      Temps:          0       0       0       0       0       0       0       0       0       0       0       0       
      +0       0       0       0       0
   307 ;;      Totals:         0       0       0       0       0       0       0       0       0       0       0       0       
      +0       0       0       0       0
   308 ;;Total ram usage:        0 bytes
   309 ;; Hardware stack levels used:    1
   310 ;; This function calls:
   311 ;;		Nothing
   312 ;; This function is called by:
   313 ;;		_SYSTEM_Initialize
   314 ;; This function uses a non-reentrant model
   315 ;;
   316                           
   317                           	psect	text3
   318  00FF90                     __ptext3:
   319                           	opt callstack 0
   320  00FF90                     _OSCILLATOR_Initialize:
   321                           	opt callstack 29
   322                           
   323                           ;mcc_generated_files/mcc.c: 60:     OSCCON = 0x70;
   324                           
   325                           ;incstack = 0
   326  00FF90  0E70               	movlw	112
   327  00FF92  6ED3               	movwf	4051,c	;volatile
   328                           
   329                           ;mcc_generated_files/mcc.c: 62:     OSCTUNE = 0x40;
   330  00FF94  0E40               	movlw	64
   331  00FF96  6E9B               	movwf	3995,c	;volatile
   332  00FF98  0012               	return		;funcret
   333  00FF9A                     __end_of_OSCILLATOR_Initialize:
   334                           	opt callstack 0
   335  0000                     
   336                           	psect	rparam
   337  0000                     tosu	equ	0xFFF
   338                           tosh	equ	0xFFE
   339                           tosl	equ	0xFFD
   340                           stkptr	equ	0xFFC
   341                           pclatu	equ	0xFFB
   342                           pclath	equ	0xFFA
   343                           pcl	equ	0xFF9
   344                           tblptru	equ	0xFF8
   345                           tblptrh	equ	0xFF7
   346                           tblptrl	equ	0xFF6
   347                           tablat	equ	0xFF5
   348                           prodh	equ	0xFF4
   349                           prodl	equ	0xFF3
   350                           indf0	equ	0xFEF
   351                           postinc0	equ	0xFEE
   352                           postdec0	equ	0xFED
   353                           preinc0	equ	0xFEC
   354                           plusw0	equ	0xFEB
   355                           fsr0h	equ	0xFEA
   356                           fsr0l	equ	0xFE9
   357                           wreg	equ	0xFE8
   358                           indf1	equ	0xFE7
   359                           postinc1	equ	0xFE6
   360                           postdec1	equ	0xFE5
   361                           preinc1	equ	0xFE4
   362                           plusw1	equ	0xFE3
   363                           fsr1h	equ	0xFE2
   364                           fsr1l	equ	0xFE1
   365                           bsr	equ	0xFE0
   366                           indf2	equ	0xFDF
   367                           postinc2	equ	0xFDE
   368                           postdec2	equ	0xFDD
   369                           preinc2	equ	0xFDC
   370                           plusw2	equ	0xFDB
   371                           fsr2h	equ	0xFDA
   372                           fsr2l	equ	0xFD9
   373                           status	equ	0xFD8


Data Sizes:
    Strings     0
    Constant    0
    Data        0
    BSS         0
    Persistent  0
    Stack       0

Auto Spaces:
    Space          Size  Autos    Used
    COMRAM           95      2       2
    BANK0           160      0       0
    BANK1           256      0       0
    BANK2           256      0       0
    BANK3           256      0       0
    BANK4           256      0       0
    BANK5           256      0       0
    BANK6           256      0       0
    BANK7           256      0       0
    BANK8           256      0       0
    BANK9           256      0       0
    BANK10          256      0       0
    BANK11          256      0       0
    BANK12          256      0       0
    BANK13          256      0       0
    BANK14          256      0       0
    BANK15           96      0       0

Pointer List with Targets:

    None.

Critical Paths under _main in COMRAM

    None.

Critical Paths under _main in BANK0

    None.

Critical Paths under _main in BANK1

    None.

Critical Paths under _main in BANK2

    None.

Critical Paths under _main in BANK3

    None.

Critical Paths under _main in BANK4

    None.

Critical Paths under _main in BANK5

    None.

Critical Paths under _main in BANK6

    None.

Critical Paths under _main in BANK7

    None.

Critical Paths under _main in BANK8

    None.

Critical Paths under _main in BANK9

    None.

Critical Paths under _main in BANK10

    None.

Critical Paths under _main in BANK11

    None.

Critical Paths under _main in BANK12

    None.

Critical Paths under _main in BANK13

    None.

Critical Paths under _main in BANK14

    None.

Critical Paths under _main in BANK15

    None.

Call Graph Tables:

 ---------------------------------------------------------------------------------
 (Depth) Function   	        Calls       Base Space   Used Autos Params    Refs
 ---------------------------------------------------------------------------------
 (0) _main                                                 2     2      0       0
                                              0 COMRAM     2     2      0
                  _SYSTEM_Initialize
 ---------------------------------------------------------------------------------
 (1) _SYSTEM_Initialize                                    0     0      0       0
              _OSCILLATOR_Initialize
             _PIN_MANAGER_Initialize
 ---------------------------------------------------------------------------------
 (2) _PIN_MANAGER_Initialize                               0     0      0       0
 ---------------------------------------------------------------------------------
 (2) _OSCILLATOR_Initialize                                0     0      0       0
 ---------------------------------------------------------------------------------
 Estimated maximum stack depth 2
 ---------------------------------------------------------------------------------

 Call Graph Graphs:

 _main (ROOT)
   _SYSTEM_Initialize
     _OSCILLATOR_Initialize
     _PIN_MANAGER_Initialize

 Address spaces:
Name               Size   Autos  Total    Cost      Usage
BITCOMRAM           5F      0       0       0        0.0%
EEDATA             400      0       0       0        0.0%
NULL                 0      0       0       0        0.0%
CODE                 0      0       0       0        0.0%
COMRAM              5F      2       2       1        2.1%
STACK                0      0       0       2        0.0%
DATA                 0      0       0       3        0.0%
BITBANK0            A0      0       0       4        0.0%
BANK0               A0      0       0       5        0.0%
BITBANK1           100      0       0       6        0.0%
BANK1              100      0       0       7        0.0%
BITBANK2           100      0       0       8        0.0%
BANK2              100      0       0       9        0.0%
BITBANK3           100      0       0      10        0.0%
BANK3              100      0       0      11        0.0%
BITBANK4           100      0       0      12        0.0%
BANK4              100      0       0      13        0.0%
BITBANK5           100      0       0      14        0.0%
BANK5              100      0       0      15        0.0%
BITBANK6           100      0       0      16        0.0%
BANK6              100      0       0      17        0.0%
BITBANK7           100      0       0      18        0.0%
BANK7              100      0       0      19        0.0%
BITBANK8           100      0       0      20        0.0%
BANK8              100      0       0      21        0.0%
BITBANK9           100      0       0      22        0.0%
BANK9              100      0       0      23        0.0%
BITBANK10          100      0       0      24        0.0%
BANK10             100      0       0      25        0.0%
BITBANK11          100      0       0      26        0.0%
BANK11             100      0       0      27        0.0%
BITBANK12          100      0       0      28        0.0%
BANK12             100      0       0      29        0.0%
BITBANK13          100      0       0      30        0.0%
BANK13             100      0       0      31        0.0%
ABS                  0      0       0      32        0.0%
BITBANK14          100      0       0      33        0.0%
BANK14             100      0       0      34        0.0%
BITBANK15           60      0       0      35        0.0%
BANK15              60      0       0      36        0.0%
BIGRAM             F5F      0       0      37        0.0%
BITSFR               0      0       0     200        0.0%
SFR                  0      0       0     200        0.0%


Microchip Technology PIC18 Macro Assembler V2.05 build -831301201 
Symbol Table                                                                                   Sun Jul 28 18:56:35 2019

                             u10 FFD4                               u16 FFD6  
                             u27 FFEE                     __CFG_CP0$OFF 000000  
                   __CFG_CP1$OFF 000000                     __CFG_CP2$OFF 000000  
                   __CFG_CP3$OFF 000000                              l750 FFCC  
                   __CFG_CPB$OFF 000000                     __CFG_CPD$OFF 000000  
                   __CFG_BORV$18 000000                              wreg 000FE8  
                   __CFG_LVP$OFF 000000                             _LATA 000F89  
                           _LATB 000F8A                             _LATC 000F8B  
                           _WPUB 000F7C                             _main FFC8  
                           start 0000                    __CFG_IESO$OFF 000000  
                  __CFG_MCLRE$ON 000000                     ___param_bank 000000  
 __size_of_OSCILLATOR_Initialize 000A    __end_of_OSCILLATOR_Initialize FF9A  
                          ?_main 0001                            _ANSEL 000F7E  
                 __CFG_DEBUG$OFF 000000                            _TRISA 000F92  
                          _TRISB 000F93                            _TRISC 000F94  
                  __CFG_PWRT$OFF 000000                    __CFG_WRT0$OFF 000000  
                  __CFG_WRT1$OFF 000000                    __CFG_WRT2$OFF 000000  
                  __CFG_WRT3$OFF 000000                   __CFG_EBTR0$OFF 000000  
                 __CFG_FCMEN$OFF 000000                   __CFG_EBTR1$OFF 000000  
                 __CFG_EBTR2$OFF 000000                   __CFG_EBTR3$OFF 000000  
                  __CFG_WRTB$OFF 000000                    __CFG_WRTC$OFF 000000  
                  __CFG_WRTD$OFF 000000                   __CFG_EBTRB$OFF 000000  
                 __CFG_HFOFST$ON 000000                   __CFG_PBADEN$ON 000000  
                __initialization FF8A                     __end_of_main 0000  
                         ??_main 0001                    __activetblptr 000000  
                         _ANSELH 000F7F                   __CFG_WDTEN$OFF 000000  
                         _OSCCON 000FD3                   __CFG_XINST$OFF 000000  
                 __CFG_STVREN$ON 000000                _SYSTEM_Initialize FF9A  
                     __accesstop 0060          __end_of__initialization FF8A  
             ?_SYSTEM_Initialize 0001                    ___rparam_used 000001  
                 __pcstackCOMRAM 0001              ??_SYSTEM_Initialize 0001  
      __end_of_SYSTEM_Initialize FFA4                          _OSCTUNE 000F9B  
                        __Hparam 0000                          __Lparam 0000  
                        __pcinit FF8A                          __ramtop 1000  
                        __ptext0 FFC8                          __ptext1 FF9A  
                        __ptext2 FFA4                          __ptext3 FF90  
          _OSCILLATOR_Initialize FF90         ??_PIN_MANAGER_Initialize 0001  
     __size_of_SYSTEM_Initialize 000A             end_of_initialization FF8A  
         ?_OSCILLATOR_Initialize 0001              start_initialization FF8A  
__size_of_PIN_MANAGER_Initialize 0024                 __CFG_LPT1OSC$OFF 000000  
         _PIN_MANAGER_Initialize FFA4                __CFG_CCP2MX$PORTC 000000  
                       _LATAbits 000F89                 __CFG_WDTPS$32768 000000  
                    _INTCON2bits 000FF1                         __Hrparam 0000  
                       __Lrparam 0000               __CFG_BOREN$SBORDIS 000000  
        ??_OSCILLATOR_Initialize 0001                    __size_of_main 0038  
                     _INTCONbits 000FF2          ?_PIN_MANAGER_Initialize 0001  
 __end_of_PIN_MANAGER_Initialize FFC8                __CFG_FOSC$INTIO67 000000  
